<?xml version="1.0" encoding="UTF-8"?>
<testsuite xmlns:xsi="http://www.w3.org/2001/XMLSchema-instance" xsi:noNamespaceSchemaLocation="https://maven.apache.org/surefire/maven-surefire-plugin/xsd/surefire-test-report-3.0.xsd" version="3.0" name="com.audino.model.PatientTest" time="0.006" tests="5" errors="0" skipped="0" failures="0">
  <properties>
[...]
</properties>
  <testcase name="testConditionManagement" classname="com.audino.model.PatientTest" time="0.047"/>
  <testcase name="testConditionManagement" classname="com.audino.model.PatientTest" time="0.001"/>
  <testcase name="testAllergyManagement" classname="com.audino.model.PatientTest" time="0.001"/>
  <testcase name="testAllergyManagement" classname="com.audino.model.PatientTest" time="0.0"/>
  <testcase name="testDefensiveCopies" classname="com.audino.model.PatientTest" time="0.001"/>
  <testcase name="testDefensiveCopies" classname="com.audino.model.PatientTest" time="0.0"/>
  <testcase name="testPatientCreation" classname="com.audino.model.PatientTest" time="0.007"/>
  <testcase name="testPatientCreation" classname="com.audino.model.PatientTest" time="0.0"/>
  <testcase name="testAgeCalculation" classname="com.audino.model.PatientTest" time="0.005"/>
  <testcase name="testAgeCalculation" classname="com.audino.model.PatientTest" time="0.001"/>
</testsuite>